Using pre-set license

 COMMAND LINE ARGUMENTS:
/Applications/Unity/Unity.app/Contents/MacOS/Unity
-adb2
-batchMode
-noUpm
-name
AssetImportWorker0
-projectPath
/Users/lingyuezhu/Desktop/gamedev/3DTutorialBase
-logFile
Logs/AssetImportWorker0.log
-srvPort
59745
Successfully changed project path to: /Users/lingyuezhu/Desktop/gamedev/3DTutorialBase
/Users/lingyuezhu/Desktop/gamedev/3DTutorialBase
Using Asset Import Pipeline V2.
Refreshing native plugins compatible for Editor in 98.42 ms, found 1 plugins.
Preloading 0 native plugins for Editor in 0.00 ms.
Initialize engine version: 2021.1.7f1 (d91830b65d9b)
[Subsystems] Discovering subsystems at path /Applications/Unity/Unity.app/Contents/Resources/UnitySubsystems
[Subsystems] Discovering subsystems at path /Users/lingyuezhu/Desktop/gamedev/3DTutorialBase/Assets
GfxDevice: creating device client; threaded=0; jobified=0
2021-09-17 15:07:41.627 Unity[53586:2253281] Color LCD preferred device: Intel(R) Iris(TM) Graphics 6000 (low power)
2021-09-17 15:07:41.628 Unity[53586:2253281] Metal devices available: 1
2021-09-17 15:07:41.628 Unity[53586:2253281] 0: Intel(R) Iris(TM) Graphics 6000 (low power)
2021-09-17 15:07:41.630 Unity[53586:2253281] Using device Intel(R) Iris(TM) Graphics 6000 (low power)
Initializing Metal device caps: Intel(R) Iris(TM) Graphics 6000
Initialize mono
Mono path[0] = '/Applications/Unity/Unity.app/Contents/Managed'
Mono path[1] = '/Applications/Unity/Unity.app/Contents/MonoBleedingEdge/lib/mono/unityjit'
Mono config path = '/Applications/Unity/Unity.app/Contents/MonoBleedingEdge/etc'
Using monoOptions --debugger-agent=transport=dt_socket,embedding=1,server=y,suspend=n,address=127.0.0.1:56586
Begin MonoManager ReloadAssembly
Registering precompiled unity dll's ...
Register platform support module: /Applications/Unity/Unity.app/Contents/PlaybackEngines/MacStandaloneSupport/UnityEditor.OSXStandalone.Extensions.dll
Register platform support module: /Applications/Unity/PlaybackEngines/WindowsStandaloneSupport/UnityEditor.WindowsStandalone.Extensions.dll
Registered in 0.004954 seconds.
Native extension for WindowsStandalone target not found
Native extension for OSXStandalone target not found
Refreshing native plugins compatible for Editor in 68.71 ms, found 1 plugins.
Preloading 0 native plugins for Editor in 0.00 ms.
Mono: successfully reloaded assembly
- Completed reload, in  4.838 seconds
Platform modules already initialized, skipping
Registering precompiled user dll's ...
Registered in 0.008579 seconds.
Begin MonoManager ReloadAssembly
Native extension for WindowsStandalone target not found
Native extension for OSXStandalone target not found
Refreshing native plugins compatible for Editor in 1.18 ms, found 1 plugins.
Preloading 0 native plugins for Editor in 0.00 ms.
Mono: successfully reloaded assembly
- Completed reload, in  2.022 seconds
Platform modules already initialized, skipping
========================================================================
Worker process is ready to serve import requests
Launching external process: /Applications/Unity/Unity.app/Contents/Tools/UnityShaderCompiler
Launched and connected shader compiler UnityShaderCompiler after 0.05 seconds
Refreshing native plugins compatible for Editor in 0.98 ms, found 1 plugins.
Preloading 0 native plugins for Editor in 0.00 ms.
Unloading 1826 Unused Serialized files (Serialized files now loaded: 0)
System memory in use before: 141.3 MB.
System memory in use after: 141.4 MB.

Unloading 53 unused Assets to reduce memory usage. Loaded Objects now: 2254.
Total: 7.314156 ms (FindLiveObjects: 0.304164 ms CreateObjectMapping: 0.069620 ms MarkObjects: 6.841573 ms  DeleteObjects: 0.096400 ms)

========================================================================
Received Import Request.
  path: Assets/Prefabs/New Enemy.prefab
  artifactKey: Guid(f3d67059260564b4bb6f3b0d57d3d92a) Importer(815301076,1909f56bfc062723c751e8b465ee728b)
Start importing Assets/Prefabs/New Enemy.prefab using Guid(f3d67059260564b4bb6f3b0d57d3d92a) Importer(815301076,1909f56bfc062723c751e8b465ee728b)  -> (artifact id: '00d495e8bd176dcfb9554f58177ab79d') in 2.241388 seconds 
========================================================================
Received Import Request.
  Time since last request: 0.000253 seconds.
  path: Assets/Prefabs/New Enemy.prefab
  artifactKey: Guid(f3d67059260564b4bb6f3b0d57d3d92a) Importer(815301076,1909f56bfc062723c751e8b465ee728b)
Start importing Assets/Prefabs/New Enemy.prefab using Guid(f3d67059260564b4bb6f3b0d57d3d92a) Importer(815301076,1909f56bfc062723c751e8b465ee728b)  -> (artifact id: '9e32f125f0d62297b2c303578600d09c') in 0.007812 seconds 
