Using pre-set license

 COMMAND LINE ARGUMENTS:
/Applications/Unity/Unity.app/Contents/MacOS/Unity
-adb2
-batchMode
-noUpm
-name
AssetImportWorker0
-projectPath
/Users/lingyuezhu/Desktop/gamedev/3DTutorialBase
-logFile
Logs/AssetImportWorker0.log
-srvPort
56873
Successfully changed project path to: /Users/lingyuezhu/Desktop/gamedev/3DTutorialBase
/Users/lingyuezhu/Desktop/gamedev/3DTutorialBase
Using Asset Import Pipeline V2.
Refreshing native plugins compatible for Editor in 131.14 ms, found 1 plugins.
Preloading 0 native plugins for Editor in 0.00 ms.
Initialize engine version: 2021.1.7f1 (d91830b65d9b)
[Subsystems] Discovering subsystems at path /Applications/Unity/Unity.app/Contents/Resources/UnitySubsystems
[Subsystems] Discovering subsystems at path /Users/lingyuezhu/Desktop/gamedev/3DTutorialBase/Assets
GfxDevice: creating device client; threaded=0; jobified=0
2021-09-15 19:38:34.098 Unity[51784:2180493] Color LCD preferred device: Intel(R) Iris(TM) Graphics 6000 (low power)
2021-09-15 19:38:34.098 Unity[51784:2180493] Metal devices available: 1
2021-09-15 19:38:34.098 Unity[51784:2180493] 0: Intel(R) Iris(TM) Graphics 6000 (low power)
2021-09-15 19:38:34.099 Unity[51784:2180493] Using device Intel(R) Iris(TM) Graphics 6000 (low power)
Initializing Metal device caps: Intel(R) Iris(TM) Graphics 6000
Initialize mono
Mono path[0] = '/Applications/Unity/Unity.app/Contents/Managed'
Mono path[1] = '/Applications/Unity/Unity.app/Contents/MonoBleedingEdge/lib/mono/unityjit'
Mono config path = '/Applications/Unity/Unity.app/Contents/MonoBleedingEdge/etc'
Using monoOptions --debugger-agent=transport=dt_socket,embedding=1,server=y,suspend=n,address=127.0.0.1:56784
Begin MonoManager ReloadAssembly
Registering precompiled unity dll's ...
Register platform support module: /Applications/Unity/Unity.app/Contents/PlaybackEngines/MacStandaloneSupport/UnityEditor.OSXStandalone.Extensions.dll
Register platform support module: /Applications/Unity/PlaybackEngines/WindowsStandaloneSupport/UnityEditor.WindowsStandalone.Extensions.dll
Registered in 0.003505 seconds.
Native extension for WindowsStandalone target not found
Native extension for OSXStandalone target not found
Refreshing native plugins compatible for Editor in 120.80 ms, found 1 plugins.
Preloading 0 native plugins for Editor in 0.00 ms.
Mono: successfully reloaded assembly
- Completed reload, in  6.299 seconds
Platform modules already initialized, skipping
Registering precompiled user dll's ...
Registered in 0.011137 seconds.
Begin MonoManager ReloadAssembly
Native extension for WindowsStandalone target not found
Native extension for OSXStandalone target not found
Refreshing native plugins compatible for Editor in 1.19 ms, found 1 plugins.
Preloading 0 native plugins for Editor in 0.00 ms.
Mono: successfully reloaded assembly
- Completed reload, in  3.053 seconds
Platform modules already initialized, skipping
========================================================================
Worker process is ready to serve import requests
Launching external process: /Applications/Unity/Unity.app/Contents/Tools/UnityShaderCompiler
Launched and connected shader compiler UnityShaderCompiler after 0.03 seconds
Refreshing native plugins compatible for Editor in 0.94 ms, found 1 plugins.
Preloading 0 native plugins for Editor in 0.00 ms.
Unloading 1824 Unused Serialized files (Serialized files now loaded: 0)
System memory in use before: 141.0 MB.
System memory in use after: 141.1 MB.

Unloading 53 unused Assets to reduce memory usage. Loaded Objects now: 2252.
Total: 9.827482 ms (FindLiveObjects: 0.234447 ms CreateObjectMapping: 0.098929 ms MarkObjects: 9.361934 ms  DeleteObjects: 0.129950 ms)

========================================================================
Received Import Request.
  path: Assets/Prefabs/GhostEnemyDeath.prefab
  artifactKey: Guid(5f7cbf55f3468d34f8f469877a079fbb) Importer(815301076,1909f56bfc062723c751e8b465ee728b)
Start importing Assets/Prefabs/GhostEnemyDeath.prefab using Guid(5f7cbf55f3468d34f8f469877a079fbb) Importer(815301076,1909f56bfc062723c751e8b465ee728b)  -> (artifact id: '9b242df5c4b5c284ca1165953e032ecd') in 2.278369 seconds 
========================================================================
Received Import Request.
  Time since last request: 0.000514 seconds.
  path: Assets/Prefabs/Main Camera.prefab
  artifactKey: Guid(2df35824e4e504c07b86a1fb831e2f96) Importer(815301076,1909f56bfc062723c751e8b465ee728b)
Start importing Assets/Prefabs/Main Camera.prefab using Guid(2df35824e4e504c07b86a1fb831e2f96) Importer(815301076,1909f56bfc062723c751e8b465ee728b)  -> (artifact id: '61de769b49795739fe9105108fc9f771') in 0.009811 seconds 
========================================================================
Received Import Request.
  Time since last request: 0.000779 seconds.
  path: Assets/Prefabs/Player.prefab
  artifactKey: Guid(72c69db5803ca47b2b81e888c44af0d6) Importer(815301076,1909f56bfc062723c751e8b465ee728b)
Start importing Assets/Prefabs/Player.prefab using Guid(72c69db5803ca47b2b81e888c44af0d6) Importer(815301076,1909f56bfc062723c751e8b465ee728b)  -> (artifact id: '65fb8fc0669a4096ec326e1c02636a2f') in 1.100378 seconds 
========================================================================
Received Import Request.
  Time since last request: 0.000392 seconds.
  path: Assets/Prefabs/Fireball.prefab
  artifactKey: Guid(4d5f09cfcadeb65459f4c8b3083b29ac) Importer(815301076,1909f56bfc062723c751e8b465ee728b)
Start importing Assets/Prefabs/Fireball.prefab using Guid(4d5f09cfcadeb65459f4c8b3083b29ac) Importer(815301076,1909f56bfc062723c751e8b465ee728b)  -> (artifact id: '53e9c41a597a3f7c83f45cd815ce418d') in 0.021511 seconds 
========================================================================
Received Import Request.
  Time since last request: 0.000338 seconds.
  path: Assets/Prefabs/GhostEnemy.prefab
  artifactKey: Guid(cea991c1c5207cd40a63a9409eae8208) Importer(815301076,1909f56bfc062723c751e8b465ee728b)
Start importing Assets/Prefabs/GhostEnemy.prefab using Guid(cea991c1c5207cd40a63a9409eae8208) Importer(815301076,1909f56bfc062723c751e8b465ee728b)  -> (artifact id: 'c4dbbe51ee4055ae79631a4f49a0a892') in 0.015869 seconds 
========================================================================
Received Import Request.
  Time since last request: 0.000326 seconds.
  path: Assets/Prefabs/Environment.prefab
  artifactKey: Guid(3236d3988961f144d9050b456ad18752) Importer(815301076,1909f56bfc062723c751e8b465ee728b)
Start importing Assets/Prefabs/Environment.prefab using Guid(3236d3988961f144d9050b456ad18752) Importer(815301076,1909f56bfc062723c751e8b465ee728b)  -> (artifact id: '70ac8462293243c7ef2d50720e47092c') in 0.054990 seconds 
========================================================================
Received Import Request.
  Time since last request: 0.000346 seconds.
  path: Assets/Prefabs/Laser.prefab
  artifactKey: Guid(aa6a61c0765c3bb4489144fa3d628620) Importer(815301076,1909f56bfc062723c751e8b465ee728b)
Start importing Assets/Prefabs/Laser.prefab using Guid(aa6a61c0765c3bb4489144fa3d628620) Importer(815301076,1909f56bfc062723c751e8b465ee728b)  -> (artifact id: '77dc0b0ab4a42c91f6519d2b66f8994d') in 0.007372 seconds 
========================================================================
Received Import Request.
  Time since last request: 0.000380 seconds.
  path: Assets/Prefabs/ParticleLight.prefab
  artifactKey: Guid(a2b762fb662b61c4080d307c5a797348) Importer(815301076,1909f56bfc062723c751e8b465ee728b)
Start importing Assets/Prefabs/ParticleLight.prefab using Guid(a2b762fb662b61c4080d307c5a797348) Importer(815301076,1909f56bfc062723c751e8b465ee728b)  -> (artifact id: 'd9b57aca759f68191d0b2c6cba209da5') in 0.006475 seconds 
========================================================================
Received Import Request.
  Time since last request: 0.000395 seconds.
  path: Assets/Prefabs/HealthPill.prefab
  artifactKey: Guid(6be379c70bc7849aab801b8b6d6754a9) Importer(815301076,1909f56bfc062723c751e8b465ee728b)
Start importing Assets/Prefabs/HealthPill.prefab using Guid(6be379c70bc7849aab801b8b6d6754a9) Importer(815301076,1909f56bfc062723c751e8b465ee728b)  -> (artifact id: '6579af2ea81cb38f91bd126553e1f28f') in 0.026340 seconds 
========================================================================
Received Import Request.
  Time since last request: 0.000419 seconds.
  path: Assets/Prefabs/MegaLaser.prefab
  artifactKey: Guid(1394129545acecd47a1fc7d35de81c8f) Importer(815301076,1909f56bfc062723c751e8b465ee728b)
Start importing Assets/Prefabs/MegaLaser.prefab using Guid(1394129545acecd47a1fc7d35de81c8f) Importer(815301076,1909f56bfc062723c751e8b465ee728b)  -> (artifact id: '0059b1569872667cd0be27d225baa501') in 0.010037 seconds 
========================================================================
Received Import Request.
  Time since last request: 28.606519 seconds.
  path: Assets/Prefabs/GhostEnemy.prefab
  artifactKey: Guid(cea991c1c5207cd40a63a9409eae8208) Importer(815301076,1909f56bfc062723c751e8b465ee728b)
Start importing Assets/Prefabs/GhostEnemy.prefab using Guid(cea991c1c5207cd40a63a9409eae8208) Importer(815301076,1909f56bfc062723c751e8b465ee728b)  -> (artifact id: '377e3e92f05089619947e7664b5337b0') in 0.020644 seconds 
========================================================================
Received Import Request.
  Time since last request: 41.725761 seconds.
  path: Assets/Scripts/Enemy/EnemyController.cs
  artifactKey: Guid(86e1761d11fc2463fa5eb7d56cf3d47d) Importer(815301076,1909f56bfc062723c751e8b465ee728b)
Start importing Assets/Scripts/Enemy/EnemyController.cs using Guid(86e1761d11fc2463fa5eb7d56cf3d47d) Importer(815301076,1909f56bfc062723c751e8b465ee728b)  -> (artifact id: '877819c66b93637665bedaf32306f115') in 3.315461 seconds 
